<?xml version="1.0" encoding="UTF-8"?>
<!-- Generated by org.testng.reporters.JUnitXMLReporter -->
<testsuite ignored="3" hostname="krish" failures="0" tests="1" name="Test" time="0.067" errors="0" timestamp="2023-03-31T17:13:26 IST">
  <testcase classname="maven.admin" name="login" time="0.013"/>
  <testcase classname="maven.admin" name="login3" time="0.0">
    <ignored/>
  </testcase> <!-- login3 -->
  <testcase classname="maven.test" name="simpletest" time="0.0">
    <ignored/>
  </testcase> <!-- simpletest -->
  <testcase classname="maven.admin" name="login1" time="0.0">
    <ignored/>
  </testcase> <!-- login1 -->
</testsuite> <!-- Test -->
