<?xml version="1.0" encoding="UTF-8"?>
<testng-results ignored="0" total="3" passed="3" failed="0" skipped="0">
  <reporter-output>
  </reporter-output>
  <suite started-at="2023-03-31T17:32:29 IST" name="Default suite" finished-at="2023-03-31T17:32:29 IST" duration-ms="66">
    <groups>
      <group name="smoke">
        <method signature="admin.login()[pri:0, instance:maven.admin@6c130c45]" name="login" class="maven.admin"/>
      </group> <!-- smoke -->
    </groups>
    <test started-at="2023-03-31T17:32:29 IST" name="Default test" finished-at="2023-03-31T17:32:29 IST" duration-ms="66">
      <class name="maven.admin">
        <test-method signature="login()[pri:0, instance:maven.admin@6c130c45]" started-at="2023-03-31T17:32:29 IST" name="login" finished-at="2023-03-31T17:32:29 IST" duration-ms="18" status="PASS">
          <reporter-output>
          </reporter-output>
        </test-method> <!-- login -->
        <test-method signature="login1()[pri:0, instance:maven.admin@6c130c45]" started-at="2023-03-31T17:32:29 IST" name="login1" finished-at="2023-03-31T17:32:29 IST" duration-ms="2" status="PASS">
          <reporter-output>
          </reporter-output>
        </test-method> <!-- login1 -->
        <test-method signature="login3()[pri:0, instance:maven.admin@6c130c45]" started-at="2023-03-31T17:32:29 IST" name="login3" finished-at="2023-03-31T17:32:29 IST" duration-ms="2" status="PASS">
          <reporter-output>
          </reporter-output>
        </test-method> <!-- login3 -->
      </class> <!-- maven.admin -->
    </test> <!-- Default test -->
  </suite> <!-- Default suite -->
</testng-results>
